Determining if the pthread_create exist failed with the following output:
Change Dir: /home/himan_bramh/rucoin/build/release/tests/gtest/CMakeFiles/CMakeTmp

Run Build Command:"/usr/bin/make" "cmTC_66077/fast"
make[4]: Entering directory '/home/himan_bramh/rucoin/build/release/tests/gtest/CMakeFiles/CMakeTmp'
/usr/bin/make -f CMakeFiles/cmTC_66077.dir/build.make CMakeFiles/cmTC_66077.dir/build
make[5]: Entering directory '/home/himan_bramh/rucoin/build/release/tests/gtest/CMakeFiles/CMakeTmp'
Building C object CMakeFiles/cmTC_66077.dir/CheckSymbolExists.c.o
/usr/bin/cc     -o CMakeFiles/cmTC_66077.dir/CheckSymbolExists.c.o   -c /home/himan_bramh/rucoin/build/release/tests/gtest/CMakeFiles/CMakeTmp/CheckSymbolExists.c
Linking C executable cmTC_66077
/usr/bin/cmake -E cmake_link_script CMakeFiles/cmTC_66077.dir/link.txt --verbose=1
/usr/bin/cc       CMakeFiles/cmTC_66077.dir/CheckSymbolExists.c.o  -o cmTC_66077 -rdynamic 
CMakeFiles/cmTC_66077.dir/CheckSymbolExists.c.o: In function `main':
CheckSymbolExists.c:(.text+0x16): undefined reference to `pthread_create'
collect2: error: ld returned 1 exit status
CMakeFiles/cmTC_66077.dir/build.make:97: recipe for target 'cmTC_66077' failed
make[5]: *** [cmTC_66077] Error 1
make[5]: Leaving directory '/home/himan_bramh/rucoin/build/release/tests/gtest/CMakeFiles/CMakeTmp'
Makefile:126: recipe for target 'cmTC_66077/fast' failed
make[4]: *** [cmTC_66077/fast] Error 2
make[4]: Leaving directory '/home/himan_bramh/rucoin/build/release/tests/gtest/CMakeFiles/CMakeTmp'

File /home/himan_bramh/rucoin/build/release/tests/gtest/CMakeFiles/CMakeTmp/CheckSymbolExists.c:
/* */
#include <pthread.h>

int main(int argc, char** argv)
{
  (void)argv;
#ifndef pthread_create
  return ((int*)(&pthread_create))[argc];
#else
  (void)argc;
  return 0;
#endif
}

Determining if the function pthread_create exists in the pthreads failed with the following output:
Change Dir: /home/himan_bramh/rucoin/build/release/tests/gtest/CMakeFiles/CMakeTmp

Run Build Command:"/usr/bin/make" "cmTC_b47e4/fast"
make[4]: Entering directory '/home/himan_bramh/rucoin/build/release/tests/gtest/CMakeFiles/CMakeTmp'
/usr/bin/make -f CMakeFiles/cmTC_b47e4.dir/build.make CMakeFiles/cmTC_b47e4.dir/build
make[5]: Entering directory '/home/himan_bramh/rucoin/build/release/tests/gtest/CMakeFiles/CMakeTmp'
Building C object CMakeFiles/cmTC_b47e4.dir/CheckFunctionExists.c.o
/usr/bin/cc    -DCHECK_FUNCTION_EXISTS=pthread_create   -o CMakeFiles/cmTC_b47e4.dir/CheckFunctionExists.c.o   -c /usr/share/cmake-3.5/Modules/CheckFunctionExists.c
Linking C executable cmTC_b47e4
/usr/bin/cmake -E cmake_link_script CMakeFiles/cmTC_b47e4.dir/link.txt --verbose=1
/usr/bin/cc   -DCHECK_FUNCTION_EXISTS=pthread_create    CMakeFiles/cmTC_b47e4.dir/CheckFunctionExists.c.o  -o cmTC_b47e4 -rdynamic -lpthreads 
/usr/bin/ld: cannot find -lpthreads
collect2: error: ld returned 1 exit status
CMakeFiles/cmTC_b47e4.dir/build.make:97: recipe for target 'cmTC_b47e4' failed
make[5]: *** [cmTC_b47e4] Error 1
make[5]: Leaving directory '/home/himan_bramh/rucoin/build/release/tests/gtest/CMakeFiles/CMakeTmp'
Makefile:126: recipe for target 'cmTC_b47e4/fast' failed
make[4]: *** [cmTC_b47e4/fast] Error 2
make[4]: Leaving directory '/home/himan_bramh/rucoin/build/release/tests/gtest/CMakeFiles/CMakeTmp'


